[17.04.2015 22:55:24] стартуем
[17.04.2015 22:55:25] настроились
[17.04.2015 22:55:25] запускаем цикл
[17.04.2015 22:55:25] ../assets/animations/ginger.xml
[17.04.2015 22:55:26] ../assets/ginger.png
[17.04.2015 22:55:26] Загружаем анимацию:
[17.04.2015 22:55:26] idle
[17.04.2015 22:55:26] ---
[17.04.2015 22:55:26] Загружаем анимацию:
[17.04.2015 22:55:26] run
[17.04.2015 22:55:26] ---
[17.04.2015 22:55:26] Загружаем анимацию:
[17.04.2015 22:55:26] hit
[17.04.2015 22:55:26] ---
[17.04.2015 22:55:26] Загружаем анимацию:
[17.04.2015 22:55:26] jump
[17.04.2015 22:55:26] ---
[17.04.2015 22:55:26] onGround = false;
[17.04.2015 22:55:27] onGround = false;
[17.04.2015 22:55:27] onGround = false;
[17.04.2015 22:55:27] onGround = false;
[17.04.2015 22:55:27] onGround = false;
[17.04.2015 22:55:27] onGround = false;
[17.04.2015 22:55:27] onGround = false;
[17.04.2015 22:55:27] onGround = false;
[17.04.2015 22:55:27] onGround = false;
[17.04.2015 22:55:27] onGround = false;
[17.04.2015 22:55:27] onGround = false;
[17.04.2015 22:55:27] onGround = false;
[17.04.2015 22:55:27] onGround = false;
[17.04.2015 22:55:28] onGround = false;
[17.04.2015 22:55:28] onGround = false;
[17.04.2015 22:55:28] onGround = false;
[17.04.2015 22:55:28] onGround = false;
[17.04.2015 22:55:28] onGround = false;
[17.04.2015 22:55:28] onGround = false;
[17.04.2015 22:55:28] onGround = false;
[17.04.2015 22:55:28] onGround = false;
[17.04.2015 22:55:28] onGround = false;
[17.04.2015 22:55:28] onGround = false;
[17.04.2015 22:55:28] onGround = false;
[17.04.2015 22:55:28] onGround = false;
[17.04.2015 22:55:28] onGround = false;
[17.04.2015 22:55:28] onGround = true;
[17.04.2015 22:55:28] onGround = true;
[17.04.2015 22:55:28] onGround = true;
[17.04.2015 22:55:28] onGround = true;
[17.04.2015 22:55:28] onGround = true;
[17.04.2015 22:55:28] onGround = true;
[17.04.2015 22:55:28] onGround = true;
[17.04.2015 22:55:28] onGround = true;
[17.04.2015 22:55:28] onGround = true;
[17.04.2015 22:55:28] onGround = true;
[17.04.2015 22:55:28] onGround = true;
[17.04.2015 22:55:28] onGround = true;
[17.04.2015 22:55:28] onGround = true;
[17.04.2015 22:55:28] onGround = true;
[17.04.2015 22:55:28] onGround = true;
[17.04.2015 22:55:28] onGround = true;
[17.04.2015 22:55:28] onGround = true;
[17.04.2015 22:55:28] onGround = true;
[17.04.2015 22:55:28] onGround = true;
[17.04.2015 22:55:28] onGround = true;
[17.04.2015 22:55:29] onGround = true;
[17.04.2015 22:55:29] onGround = true;
[17.04.2015 22:55:29] onGround = true;
[17.04.2015 22:55:29] onGround = true;
[17.04.2015 22:55:29] onGround = true;
[17.04.2015 22:55:29] onGround = true;
[17.04.2015 22:55:29] onGround = true;
[17.04.2015 22:55:29] onGround = true;
[17.04.2015 22:55:29] onGround = true;
[17.04.2015 22:55:29] onGround = true;
[17.04.2015 22:55:29] onGround = true;
[17.04.2015 22:55:29] onGround = true;
[17.04.2015 22:55:29] onGround = true;
[17.04.2015 22:55:29] onGround = true;
[17.04.2015 22:55:29] onGround = false;
[17.04.2015 22:55:29] onGround = false;
[17.04.2015 22:55:29] onGround = false;
[17.04.2015 22:55:29] onGround = false;
[17.04.2015 22:55:29] onGround = false;
[17.04.2015 22:55:29] collisionTestRight = true;
[17.04.2015 22:55:29] onGround = false;
[17.04.2015 22:55:29] collisionTestRight = true;
[17.04.2015 22:55:29] onGround = false;
[17.04.2015 22:55:29] onGround = false;
[17.04.2015 22:55:29] onGround = false;
[17.04.2015 22:55:29] onGround = false;
[17.04.2015 22:55:29] onGround = false;
[17.04.2015 22:55:29] onGround = false;
[17.04.2015 22:55:29] collisionTestLeft = true;
[17.04.2015 22:55:29] collisionTestTop = true;
[17.04.2015 22:55:29] onGround = false;
[17.04.2015 22:55:29] collisionTestLeft = true;
[17.04.2015 22:55:29] collisionTestTop = true;
[17.04.2015 22:55:29] onGround = false;
[17.04.2015 22:55:29] onGround = false;
[17.04.2015 22:55:29] onGround = false;
[17.04.2015 22:55:30] onGround = false;
[17.04.2015 22:55:30] onGround = false;
[17.04.2015 22:55:30] onGround = false;
[17.04.2015 22:55:30] onGround = false;
[17.04.2015 22:55:30] onGround = false;
[17.04.2015 22:55:30] onGround = false;
[17.04.2015 22:55:30] onGround = false;
[17.04.2015 22:55:30] onGround = false;
[17.04.2015 22:55:30] onGround = false;
[17.04.2015 22:55:30] onGround = false;
[17.04.2015 22:55:30] onGround = false;
[17.04.2015 22:55:30] onGround = false;
[17.04.2015 22:55:30] onGround = false;
[17.04.2015 22:55:30] onGround = false;
[17.04.2015 22:55:30] onGround = false;
[17.04.2015 22:55:30] onGround = false;
[17.04.2015 22:55:30] onGround = false;
[17.04.2015 22:55:30] onGround = false;
[17.04.2015 22:55:30] onGround = false;
[17.04.2015 22:55:30] onGround = false;
[17.04.2015 22:55:30] onGround = false;
[17.04.2015 22:55:30] onGround = false;
[17.04.2015 22:55:30] onGround = false;
[17.04.2015 22:55:30] onGround = false;
[17.04.2015 22:55:30] onGround = false;
[17.04.2015 22:55:30] onGround = false;
[17.04.2015 22:55:30] onGround = false;
[17.04.2015 22:55:30] onGround = false;
[17.04.2015 22:55:30] onGround = false;
[17.04.2015 22:55:30] onGround = false;
[17.04.2015 22:55:30] onGround = false;
[17.04.2015 22:55:30] onGround = false;
[17.04.2015 22:55:31] onGround = false;
[17.04.2015 22:55:31] onGround = false;
[17.04.2015 22:55:31] onGround = false;
[17.04.2015 22:55:31] onGround = false;
[17.04.2015 22:55:31] onGround = false;
[17.04.2015 22:55:31] onGround = false;
[17.04.2015 22:55:31] onGround = false;
[17.04.2015 22:55:31] onGround = false;
[17.04.2015 22:55:31] onGround = false;
[17.04.2015 22:55:31] onGround = false;
[17.04.2015 22:55:31] onGround = false;
[17.04.2015 22:55:31] onGround = false;
[17.04.2015 22:55:31] onGround = false;
[17.04.2015 22:55:31] onGround = false;
[17.04.2015 22:55:31] onGround = false;
[17.04.2015 22:55:31] onGround = false;
[17.04.2015 22:55:31] onGround = false;
[17.04.2015 22:55:31] onGround = false;
[17.04.2015 22:55:31] onGround = false;
[17.04.2015 22:55:31] onGround = false;
[17.04.2015 22:55:31] onGround = false;
[17.04.2015 22:55:31] onGround = false;
[17.04.2015 22:55:31] onGround = false;
[17.04.2015 22:55:31] onGround = false;
[17.04.2015 22:55:31] onGround = false;
[17.04.2015 22:55:31] onGround = false;
[17.04.2015 22:55:31] onGround = false;
[17.04.2015 22:55:31] onGround = false;
[17.04.2015 22:55:31] onGround = false;
[17.04.2015 22:55:31] onGround = false;
[17.04.2015 22:55:31] onGround = false;
[17.04.2015 22:55:31] onGround = false;
[17.04.2015 22:55:31] onGround = false;
[17.04.2015 22:55:32] onGround = false;
[17.04.2015 22:55:32] onGround = false;
[17.04.2015 22:55:32] onGround = false;
[17.04.2015 22:55:32] onGround = false;
[17.04.2015 22:55:32] onGround = false;
[17.04.2015 22:55:32] onGround = false;
[17.04.2015 22:55:32] onGround = false;
[17.04.2015 22:55:32] onGround = false;
[17.04.2015 22:55:32] onGround = false;
[17.04.2015 22:55:32] onGround = false;
[17.04.2015 22:55:32] onGround = false;
[17.04.2015 22:55:32] onGround = false;
[17.04.2015 22:55:32] onGround = false;
[17.04.2015 22:55:32] onGround = false;
[17.04.2015 22:55:32] onGround = false;
[17.04.2015 22:55:32] onGround = false;
[17.04.2015 22:55:32] onGround = false;
[17.04.2015 22:55:32] onGround = false;
[17.04.2015 22:55:32] выходим из цикла
[17.04.2015 22:55:32] выгрузились
[17.04.2015 22:55:32] завершаем
